{"devicePlatform":"","logFolder":"C:\\Users\\pramudityo.pratanto\\git\\MobileApp_HomeCredit_Indonesia_2.0\\Reports\\DONA 1st BOD ONLINE\\20181102_140724","runData":{"hostName":"pramudityo.pratanto - ID-L1719.hcg.homecredit.net","hostAddress":"10.58.29.236","os":"Windows 7 64bit","katalonVersion":"5.6.0.1"},"type":"TEST_SUITE","name":"DONA 1st BOD ONLINE","id":"Test Suites/DONA 1st BOD ONLINE","source":"","message":"Test Cases/Open FAILED because (of) Unable to start app at: \u0027C:\\Users\\pramudityo.pratanto\\Desktop\\Katalon Update\\appv2-development-universal-debug (1).apk\u0027 (Root cause: com.kms.katalon.core.appium.exception.AppiumStartException: Fail to start Appium server in 60 seconds)","description":"","startTime":1541142454529,"endTime":1541142537287,"childRecords":[{"isOptional":false,"type":"TEST_CASE","name":"Test Cases/Open","id":"Test Cases/Open","source":"C:\\\\Users\\\\pramudityo.pratanto\\\\git\\\\MobileApp_HomeCredit_Indonesia_2.0\\\\Test Cases\\\\Open.tc","message":"Test Cases/Open FAILED because (of) Unable to start app at: \u0027C:\\Users\\pramudityo.pratanto\\Desktop\\Katalon Update\\appv2-development-universal-debug (1).apk\u0027 (Root cause: com.kms.katalon.core.appium.exception.AppiumStartException: Fail to start Appium server in 60 seconds)","description":"","startTime":1541142457564,"endTime":1541142521406,"childRecords":[{"testStatus":{"stackTrace":"","statusValue":"INFO"},"type":"MESSAGE","name":"","message":"Evaluating variables for test case","startTime":1541142457614,"endTime":0,"childRecords":[],"interuppted":false},{"index":1,"isIgnoredIfFailed":false,"type":"TEST_STEP","name":"startApplication","message":"Unable to start app at: \u0027C:\\Users\\pramudityo.pratanto\\Desktop\\Katalon Update\\appv2-development-universal-debug (1).apk\u0027 (Root cause: com.kms.katalon.core.appium.exception.AppiumStartException: Fail to start Appium server in 60 seconds)","description":"","startTime":1541142458116,"endTime":1541142521402,"childRecords":[{"testStatus":{"stackTrace":"","statusValue":"FAILED"},"type":"MESSAGE","name":"","message":"Unable to start app at: \u0027C:\\Users\\pramudityo.pratanto\\Desktop\\Katalon Update\\appv2-development-universal-debug (1).apk\u0027 (Root cause: com.kms.katalon.core.appium.exception.AppiumStartException: Fail to start Appium server in 60 seconds)","startTime":1541142521400,"endTime":0,"childRecords":[],"interuppted":false}],"interuppted":false},{"testStatus":{"stackTrace":"","statusValue":"FAILED"},"type":"MESSAGE","name":"","message":"Test Cases/Open FAILED because (of) Unable to start app at: \u0027C:\\Users\\pramudityo.pratanto\\Desktop\\Katalon Update\\appv2-development-universal-debug (1).apk\u0027 (Root cause: com.kms.katalon.core.appium.exception.AppiumStartException: Fail to start Appium server in 60 seconds)","startTime":1541142521403,"endTime":0,"childRecords":[],"interuppted":false}],"interuppted":false},{"isOptional":false,"type":"TEST_CASE","name":"Test Cases/DONA 1st bod","id":"Test Cases/DONA 1st bod","source":"C:\\\\Users\\\\pramudityo.pratanto\\\\git\\\\MobileApp_HomeCredit_Indonesia_2.0\\\\Test Cases\\\\DONA 1st bod.tc","message":"Test Cases/DONA 1st bod FAILED because (of) No driver found","description":"","startTime":1541142521413,"endTime":1541142537085,"childRecords":[{"testStatus":{"stackTrace":"","statusValue":"INFO"},"type":"MESSAGE","name":"","message":"Evaluating variables for test case","startTime":1541142521459,"endTime":0,"childRecords":[],"interuppted":false},{"index":1,"isIgnoredIfFailed":false,"type":"TEST_STEP","name":"delay","message":"Delayed 15 second(s)","description":"","startTime":1541142521714,"endTime":1541142536769,"childRecords":[{"testStatus":{"stackTrace":"","statusValue":"PASSED"},"type":"MESSAGE","name":"","message":"Delayed 15 second(s)","startTime":1541142536769,"endTime":0,"childRecords":[],"interuppted":false}],"interuppted":false},{"index":2,"isIgnoredIfFailed":false,"type":"TEST_STEP","name":"tap","message":"Checking timeout","description":"","startTime":1541142536770,"endTime":1541142537081,"childRecords":[],"interuppted":false},{"testStatus":{"stackTrace":"","statusValue":"FAILED"},"type":"MESSAGE","name":"","message":"Test Cases/DONA 1st bod FAILED because (of) No driver found","startTime":1541142537082,"endTime":0,"childRecords":[],"interuppted":false}],"interuppted":false}],"interuppted":false}